<?xml version="1.0" encoding="UTF-8" ?>
<testsuite tests="56" failures="0" name="com.mycompany.cucumber.test.Test" time="0.007" errors="0" skipped="0">
  <properties>
    <property name="java.runtime.name" value="Java(TM) SE Runtime Environment"/>
    <property name="sun.boot.library.path" value="C:\Program Files\Java\jdk1.8.0_121\jre\bin"/>
    <property name="java.vm.version" value="25.121-b13"/>
    <property name="java.vm.vendor" value="Oracle Corporation"/>
    <property name="maven.multiModuleProjectDirectory" value="D:\Kuliah\IMPAL\bdd\impal\bdd-cucumber-impal"/>
    <property name="java.vendor.url" value="http://java.oracle.com/"/>
    <property name="path.separator" value=";"/>
    <property name="guice.disable.misplaced.annotation.check" value="true"/>
    <property name="java.vm.name" value="Java HotSpot(TM) 64-Bit Server VM"/>
    <property name="file.encoding.pkg" value="sun.io"/>
    <property name="user.script" value=""/>
    <property name="user.country" value="US"/>
    <property name="sun.java.launcher" value="SUN_STANDARD"/>
    <property name="sun.os.patch.level" value=""/>
    <property name="java.vm.specification.name" value="Java Virtual Machine Specification"/>
    <property name="user.dir" value="D:\Kuliah\IMPAL\bdd\impal\bdd-cucumber-impal"/>
    <property name="java.runtime.version" value="1.8.0_121-b13"/>
    <property name="java.awt.graphicsenv" value="sun.awt.Win32GraphicsEnvironment"/>
    <property name="java.endorsed.dirs" value="C:\Program Files\Java\jdk1.8.0_121\jre\lib\endorsed"/>
    <property name="os.arch" value="amd64"/>
    <property name="java.io.tmpdir" value="C:\Users\HANIFS~1\AppData\Local\Temp\"/>
    <property name="line.separator" value="
"/>
    <property name="java.vm.specification.vendor" value="Oracle Corporation"/>
    <property name="user.variant" value=""/>
    <property name="os.name" value="Windows 10"/>
    <property name="classworlds.conf" value="D:\0Project\Belajar-Spring\maven\bin\..\bin\m2.conf"/>
    <property name="sun.jnu.encoding" value="Cp1252"/>
    <property name="java.library.path" value="C:\Program Files\Java\jdk1.8.0_121\bin;C:\WINDOWS\Sun\Java\bin;C:\WINDOWS\system32;C:\WINDOWS;C:\Program Files\Docker\Docker\Resources\bin;C:\ProgramData\Oracle\Java\javapath;C:\WINDOWS\system32;C:\WINDOWS;C:\WINDOWS\System32\Wbem;C:\WINDOWS\System32\WindowsPowerShell\v1.0\;C:\Program Files\OpenVPN\bin;C:\Program Files (x86)\Bitvise SSH Client;D:\SDK\Windows Performance Toolkit\;C:\Program Files\PuTTY\;C:\HashiCorp\Vagrant\bin;C:\Program Files\Git\cmd;C:\Program Files (x86)\NVIDIA Corporation\PhysX\Common;D:\0Project\Belajar-Spring\maven\bin;C:\Program Files\nodejs\;D:\ANDROID\SDK\platform-tools;D:\0Project\Belajar-Spring\spring-1.5.8.RELEASE\bin;C:\WINDOWS\system32;C:\WINDOWS;C:\WINDOWS\System32\Wbem;C:\WINDOWS\System32\WindowsPowerShell\v1.0\;C:\Program Files (x86)\OpenVPN\bin;C:\Users\hanif salafi\AppData\Local\Microsoft\WindowsApps;C:\Users\hanif salafi\AppData\Roaming\Composer\vendor\bin;C:\Python27;C:\Python27\Scripts;C:\Program Files\Weka-3-8;C:\oraclexe\app\oracle\product\11.2.0\server\bin;C:\Program Files\Java\jdk1.8.0_121\bin;C:\Users\hanif salafi\AppData\Local\atom\bin;D:\KonyVisualizerEnterprise7.3.0\ImageMagick;D:\KonyVisualizerEnterprise7.3.0\Ant\bin;D:\ANDROID\SDK\platform-tools;D:\ANDROID\SDK\tools;D:\KonyVisualizerEnterprise7.3.0\Java\jdk1.8.0_112\bin;C:\Users\hanif salafi\AppData\Local\GitHubDesktop\bin;C:\opscode\chefdk\;D:\Data Instal\Docker Toolbox;C:\Program Files (x86)\Jar2Exe Wizard\;C:\Program Files (x86)\CodeBlocks\MinGW\lib\gcc\mingw32\4.9.2\include;C:\Users\hanif salafi\AppData\Roaming\npm;;%USERPROFILE%\AppData\Local\Microsoft\WindowsApps;."/>
    <property name="maven.conf" value="D:\0Project\Belajar-Spring\maven\bin\../conf"/>
    <property name="java.specification.name" value="Java Platform API Specification"/>
    <property name="java.class.version" value="52.0"/>
    <property name="sun.management.compiler" value="HotSpot 64-Bit Tiered Compilers"/>
    <property name="os.version" value="10.0"/>
    <property name="library.jansi.path" value="D:\0Project\Belajar-Spring\maven\bin\..\lib\jansi-native\windows64"/>
    <property name="user.home" value="C:\Users\hanif salafi"/>
    <property name="user.timezone" value="Asia/Bangkok"/>
    <property name="java.awt.printerjob" value="sun.awt.windows.WPrinterJob"/>
    <property name="java.specification.version" value="1.8"/>
    <property name="file.encoding" value="Cp1252"/>
    <property name="user.name" value="hanif salafi"/>
    <property name="java.class.path" value="D:\0Project\Belajar-Spring\maven\bin\..\boot\plexus-classworlds-2.5.2.jar"/>
    <property name="java.vm.specification.version" value="1.8"/>
    <property name="sun.arch.data.model" value="64"/>
    <property name="java.home" value="C:\Program Files\Java\jdk1.8.0_121\jre"/>
    <property name="sun.java.command" value="org.codehaus.plexus.classworlds.launcher.Launcher clean verify sonar:sonar"/>
    <property name="java.specification.vendor" value="Oracle Corporation"/>
    <property name="user.language" value="en"/>
    <property name="awt.toolkit" value="sun.awt.windows.WToolkit"/>
    <property name="java.vm.info" value="mixed mode"/>
    <property name="java.version" value="1.8.0_121"/>
    <property name="java.ext.dirs" value="C:\Program Files\Java\jdk1.8.0_121\jre\lib\ext;C:\WINDOWS\Sun\Java\lib\ext"/>
    <property name="sun.boot.class.path" value="C:\Program Files\Java\jdk1.8.0_121\jre\lib\resources.jar;C:\Program Files\Java\jdk1.8.0_121\jre\lib\rt.jar;C:\Program Files\Java\jdk1.8.0_121\jre\lib\sunrsasign.jar;C:\Program Files\Java\jdk1.8.0_121\jre\lib\jsse.jar;C:\Program Files\Java\jdk1.8.0_121\jre\lib\jce.jar;C:\Program Files\Java\jdk1.8.0_121\jre\lib\charsets.jar;C:\Program Files\Java\jdk1.8.0_121\jre\lib\jfr.jar;C:\Program Files\Java\jdk1.8.0_121\jre\classes"/>
    <property name="sun.stderr.encoding" value="cp437"/>
    <property name="java.vendor" value="Oracle Corporation"/>
    <property name="maven.home" value="D:\0Project\Belajar-Spring\maven\bin\.."/>
    <property name="file.separator" value="\"/>
    <property name="java.vendor.url.bug" value="http://bugreport.sun.com/bugreport/"/>
    <property name="sun.cpu.endian" value="little"/>
    <property name="sun.io.unicode.encoding" value="UnicodeLittle"/>
    <property name="sun.stdout.encoding" value="cp437"/>
    <property name="sun.desktop" value="windows"/>
    <property name="sun.cpu.isalist" value="amd64"/>
  </properties>
  <testcase classname="Skenario: Mencari Data Member" name="Dengan Data member yang sudah tersedia di database" time="0.002"/>
  <testcase classname="Skenario: Mencari Data Member" name="Ketika Memasukan nama member &quot;hanif&quot;" time="0"/>
  <testcase classname="Skenario: Mencari Data Member" name="Maka respon dari sistem &quot;Data member ditemukan&quot;" time="0"/>
  <testcase classname="Skenario: Mencari Data Member" name="Skenario: Mencari Data Member" time="0"/>
  <testcase classname="Skenario: Mencari Data Member" name="Dengan Data member yang sudah tersedia di database" time="0"/>
  <testcase classname="Skenario: Mencari Data Member" name="Ketika Memasukan nama member &quot;salafi&quot;" time="0"/>
  <testcase classname="Skenario: Mencari Data Member" name="Maka respon gagal dari sistem &quot;Data member tidak ditemukan&quot;" time="0"/>
  <testcase classname="Skenario: Mencari Data Member" name="Skenario: Mencari Data Member" time="0"/>
  <testcase classname="Skenario: Mencari Data Buku" name="Dengan Data buku yang sudah tersedia di database" time="0"/>
  <testcase classname="Skenario: Mencari Data Buku" name="Ketika Memasukan data buku dengan judul &quot;impal&quot;" time="0"/>
  <testcase classname="Skenario: Mencari Data Buku" name="Maka respon pencarian &quot;Data buku ditemukan&quot;" time="0"/>
  <testcase classname="Skenario: Mencari Data Buku" name="Skenario: Mencari Data Buku" time="0"/>
  <testcase classname="Skenario: Mencari Data Buku" name="Dengan Data buku yang sudah tersedia di database" time="0"/>
  <testcase classname="Skenario: Mencari Data Buku" name="Ketika Memasukan data buku dengan judul &quot;belajar impal&quot;" time="0"/>
  <testcase classname="Skenario: Mencari Data Buku" name="Maka respon gagal pencarian dengan pesan &quot;Data buku tidak ditemukan&quot;" time="0"/>
  <testcase classname="Skenario: Mencari Data Buku" name="Skenario: Mencari Data Buku" time="0"/>
  <testcase classname="Skenario: Menghapus Data Buku" name="Dengan Data buku yang akan dihapus tersedia di database" time="0"/>
  <testcase classname="Skenario: Menghapus Data Buku" name="Ketika Memasukkan data buku yang akan dihapus dengan judul &quot;impal&quot;" time="0"/>
  <testcase classname="Skenario: Menghapus Data Buku" name="Maka respon sukses hapus dengan pesan &quot;Buku Berhasil Dihapus&quot;" time="0"/>
  <testcase classname="Skenario: Menghapus Data Buku" name="Skenario: Menghapus Data Buku" time="0"/>
  <testcase classname="Skenario: Menghapus Data Buku" name="Dengan Data buku yang akan dihapus tersedia di database" time="0"/>
  <testcase classname="Skenario: Menghapus Data Buku" name="Ketika Memasukkan data buku yang akan dihapus dengan judul &quot;belajar impal&quot;" time="0"/>
  <testcase classname="Skenario: Menghapus Data Buku" name="Maka respon gagal hapus dengan pesan &quot;Buku Tidak Ditemukan&quot;" time="0"/>
  <testcase classname="Skenario: Menghapus Data Buku" name="Skenario: Menghapus Data Buku" time="0"/>
  <testcase classname="Skenario: Lihat Katalog" name="Dengan Data buku beserta katalognya yang sudah tersedia di database" time="0"/>
  <testcase classname="Skenario: Lihat Katalog" name="Ketika Memasukan Katalog buku &quot;Edukasi&quot;" time="0"/>
  <testcase classname="Skenario: Lihat Katalog" name="Maka respon yang akan ditampilkan &quot;Buku Ditemukan&quot;" time="0.001"/>
  <testcase classname="Skenario: Lihat Katalog" name="Skenario: Lihat Katalog" time="0.001"/>
  <testcase classname="Skenario: Lihat Katalog" name="Dengan Data buku beserta katalognya yang sudah tersedia di database" time="0"/>
  <testcase classname="Skenario: Lihat Katalog" name="Ketika Memasukan Katalog buku &quot;Eduk&quot;" time="0"/>
  <testcase classname="Skenario: Lihat Katalog" name="Maka respon gagal akan ditampilkan &quot;Buku Tidak Ditemukan&quot;" time="0"/>
  <testcase classname="Skenario: Lihat Katalog" name="Skenario: Lihat Katalog" time="0.001"/>
  <testcase classname="Skenario: Mengembalikan Data Buku" name="Dengan Data buku yang sudah tersedia di database dan sedang dalam masa peminjaman" time="0"/>
  <testcase classname="Skenario: Mengembalikan Data Buku" name="Ketika Memasukkan data buku yang dipinjam dengan judul &quot;impal&quot;" time="0"/>
  <testcase classname="Skenario: Mengembalikan Data Buku" name="Maka respon pengembalian &quot;Buku berhasil dikembalikan&quot;" time="0"/>
  <testcase classname="Skenario: Mengembalikan Data Buku" name="Skenario: Mengembalikan Data Buku" time="0"/>
  <testcase classname="Skenario: Mengembalikan Data Buku" name="Dengan Data buku yang sudah tersedia di database dan sedang dalam masa peminjaman" time="0"/>
  <testcase classname="Skenario: Mengembalikan Data Buku" name="Ketika Memasukkan data buku yang dipinjam dengan judul &quot;belajar impal&quot;" time="0"/>
  <testcase classname="Skenario: Mengembalikan Data Buku" name="Maka respon pengembalian gagal &quot;Buku gagal dikembalikan&quot;" time="0"/>
  <testcase classname="Skenario: Mengembalikan Data Buku" name="Skenario: Mengembalikan Data Buku" time="0"/>
  <testcase classname="Skenario: Mendaftarkan Member Baru" name="Dengan Data member baru yang akan dimasukan tersedia dan tidak duplikat dengan data yang telah ada di database" time="0"/>
  <testcase classname="Skenario: Mendaftarkan Member Baru" name="Ketika Memasukan data member dengan nama &quot;hanif&quot;" time="0"/>
  <testcase classname="Skenario: Mendaftarkan Member Baru" name="Maka respon &quot;user sukses dimasukan&quot;" time="0"/>
  <testcase classname="Skenario: Mendaftarkan Member Baru" name="Skenario: Mendaftarkan Member Baru" time="0"/>
  <testcase classname="Skenario: Mendaftarkan Member Baru" name="Dengan Data member baru yang akan dimasukan tersedia dan tidak duplikat dengan data yang telah ada di database" time="0"/>
  <testcase classname="Skenario: Mendaftarkan Member Baru" name="Ketika Memasukan data member dengan nama &quot;salafi&quot;" time="0"/>
  <testcase classname="Skenario: Mendaftarkan Member Baru" name="Maka respon gagal dengan pesan &quot;duplikat&quot;" time="0.001"/>
  <testcase classname="Skenario: Mendaftarkan Member Baru" name="Skenario: Mendaftarkan Member Baru" time="0.001"/>
  <testcase classname="Skenario: Menambah Data Buku" name="Dengan Data buku yang akan dimasukkan tersedia dan tidak duplikat dengan data yang telah ada di database" time="0"/>
  <testcase classname="Skenario: Menambah Data Buku" name="Ketika Memasukkan data buku yang akan ditambahkan dengan judul &quot;impal&quot;" time="0"/>
  <testcase classname="Skenario: Menambah Data Buku" name="Maka respon berhasil dengan pesan &quot;Buku berhasil dimasukkan&quot;" time="0"/>
  <testcase classname="Skenario: Menambah Data Buku" name="Skenario: Menambah Data Buku" time="0"/>
  <testcase classname="Skenario: Menambah Data Buku" name="Dengan Data buku yang akan dimasukkan tersedia dan tidak duplikat dengan data yang telah ada di database" time="0"/>
  <testcase classname="Skenario: Menambah Data Buku" name="Ketika Memasukkan data buku yang akan ditambahkan dengan judul &quot;belajar impal&quot;" time="0"/>
  <testcase classname="Skenario: Menambah Data Buku" name="Maka respon gagal tambah dengan pesan &quot;Buku gagal dimasukkan&quot;" time="0"/>
  <testcase classname="Skenario: Menambah Data Buku" name="Skenario: Menambah Data Buku" time="0"/>
</testsuite>